\BOOKMARK [1][-]{section*.1}{\376\377\000A\000b\000s\000t\000r\000a\000c\000t}{}% 1
\BOOKMARK [1][-]{section.1}{\376\377\0001\000\040\000L\000i\000t\000e\000r\000a\000t\000u\000r\000e\000\040\000R\000e\000v\000i\000e\000w}{}% 2
\BOOKMARK [2][-]{subsection.1.1}{\376\377\0001\000.\0001\000\040\000D\000e\000e\000p\000\040\000L\000e\000a\000r\000n\000i\000n\000g\000\040\000t\000o\000\040\000D\000e\000t\000e\000c\000t\000\040\000O\000b\000j\000e\000c\000t\000s\000\040\000i\000n\000\040\000V\000i\000d\000e\000o\000s\000\040\000f\000r\000o\000m\000\040\000R\000G\000B\000D\000\040\000I\000n\000p\000u\000t\000\040\000N\000i\0009\000e\000l\000f}{section.1}% 3
\BOOKMARK [2][-]{subsection.1.2}{\376\377\0001\000.\0002\000\040\000L\000a\000y\000o\000u\000t\000N\000e\000t\000:\000\040\000R\000e\000c\000o\000n\000s\000t\000r\000u\000c\000t\000i\000n\000g\000\040\000t\000h\000e\000\040\0003\000D\000\040\000R\000o\000o\000m\000\040\000L\000a\000y\000o\000u\000t\000\040\000f\000r\000o\000m\000\040\000a\000\040\000S\000i\000n\000g\000l\000e\000\040\000R\000G\000B\000\040\000I\000m\000a\000g\000e\000\040\000L\000a\000y\000o\000u\000t\000N\000e\000t}{section.1}% 4
\BOOKMARK [2][-]{subsection.1.3}{\376\377\0001\000.\0003\000\040\000E\000n\000d\000-\000t\000o\000-\000E\000n\000d\000\040\000L\000e\000a\000r\000n\000i\000n\000g\000\040\000o\000f\000\040\000D\000r\000i\000v\000i\000n\000g\000\040\000M\000o\000d\000e\000l\000s\000\040\000w\000i\000t\000h\000\040\000S\000u\000r\000r\000o\000u\000n\000d\000-\000V\000i\000e\000w\000\040\000C\000a\000m\000e\000r\000a\000s\000\040\000a\000n\000d\000\040\000R\000o\000u\000t\000e\000\040\000P\000l\000a\000n\000n\000e\000r\000s\000\040\000E\0002\000E\000D\000r\000i\000v\000i\000n\000g\000M\000o\000d\000e\000l}{section.1}% 5
\BOOKMARK [2][-]{subsection.1.4}{\376\377\0001\000.\0004\000\040\000T\000a\000s\000k\000o\000n\000o\000m\000y\000:\000\040\000D\000i\000s\000e\000n\000t\000a\000n\000g\000l\000i\000n\000g\000\040\000T\000a\000s\000k\000\040\000T\000r\000a\000n\000s\000f\000e\000r\000\040\000L\000e\000a\000r\000n\000i\000n\000g\000\040\000T\000a\000s\000k\000o\000n\000o\000m\000y}{section.1}% 6
\BOOKMARK [2][-]{subsection.1.5}{\376\377\0001\000.\0005\000\040\000E\000n\000d\000-\000t\000o\000-\000E\000n\000d\000\040\000N\000a\000v\000i\000g\000a\000t\000i\000o\000n\000\040\000w\000i\000t\000h\000\040\000B\000r\000a\000n\000c\000h\000\040\000T\000u\000r\000n\000i\000n\000g\000\040\000S\000u\000p\000p\000o\000r\000t\000\040\000U\000s\000i\000n\000g\000\040\000C\000o\000n\000v\000o\000l\000u\000t\000i\000o\000n\000a\000l\000\040\000N\000e\000u\000r\000a\000l\000\040\000N\000e\000t\000w\000o\000r\000k\000\040\000E\0002\000E\000N\000a\000v\000i\000g\000a\000t\000i\000o\000n}{section.1}% 7
\BOOKMARK [2][-]{subsection.1.6}{\376\377\0001\000.\0006\000\040\000H\000a\000v\000e\000\040\000I\000\040\000R\000e\000a\000c\000h\000e\000d\000\040\000t\000h\000e\000\040\000I\000n\000t\000e\000r\000s\000e\000c\000t\000i\000o\000n\000:\000\040\000A\000\040\000D\000e\000e\000p\000\040\000L\000e\000a\000r\000n\000i\000n\000g\000-\000B\000a\000s\000e\000d\000\040\000A\000p\000p\000r\000o\000a\000c\000h\000\040\000f\000o\000r\000\040\000I\000n\000t\000e\000r\000s\000e\000c\000t\000i\000o\000n\000\040\000D\000e\000t\000e\000c\000t\000i\000o\000n\000\040\000f\000r\000o\000m\000\040\000M\000o\000n\000o\000c\000u\000l\000a\000r\000\040\000C\000a\000m\000e\000r\000a\000s\000\040\000I\000n\000t\000e\000r\000s\000e\000c\000t\000N\000e\000t}{section.1}% 8
\BOOKMARK [1][-]{section.2}{\376\377\0002\000\040\000W\000o\000r\000k\000s\000t\000a\000t\000i\000o\000n\000\040\000S\000e\000t\000u\000p}{}% 9
\BOOKMARK [1][-]{section.3}{\376\377\0003\000\040\000T\000u\000t\000o\000r\000i\000a\000l\000\040\000P\000r\000o\000j\000e\000c\000t\000s}{}% 10
\BOOKMARK [2][-]{subsection.3.1}{\376\377\0003\000.\0001\000\040\000C\000l\000a\000s\000s\000i\000f\000i\000c\000a\000t\000i\000o\000n\000\040\000o\000f\000\040\000M\000o\000v\000i\000e\000\040\000R\000e\000v\000i\000e\000w\000s}{section.3}% 11
\BOOKMARK [2][-]{subsection.3.2}{\376\377\0003\000.\0002\000\040\000C\000l\000a\000s\000s\000i\000f\000i\000c\000a\000t\000i\000o\000n\000\040\000o\000f\000\040\000N\000e\000w\000s\000w\000i\000r\000e\000\040\000T\000o\000p\000i\000c\000s}{section.3}% 12
\BOOKMARK [2][-]{subsection.3.3}{\376\377\0003\000.\0003\000\040\000C\000l\000a\000s\000s\000i\000f\000i\000c\000a\000t\000i\000o\000n\000\040\000o\000f\000\040\000D\000o\000g\000\040\000a\000n\000d\000\040\000C\000a\000t\000\040\000I\000m\000a\000g\000e\000s}{section.3}% 13
\BOOKMARK [1][-]{section.4}{\376\377\0004\000\040\000I\000n\000t\000e\000r\000s\000e\000c\000t\000N\000e\000t}{}% 14
\BOOKMARK [2][-]{subsection.4.1}{\376\377\0004\000.\0001\000\040\000S\000c\000o\000p\000e\000\040\000o\000f\000\040\000P\000r\000o\000j\000e\000c\000t}{section.4}% 15
\BOOKMARK [2][-]{subsection.4.2}{\376\377\0004\000.\0002\000\040\000C\000G\000\040\000D\000a\000t\000a\000s\000e\000t}{section.4}% 16
\BOOKMARK [2][-]{subsection.4.3}{\376\377\0004\000.\0003\000\040\000N\000e\000t\000w\000o\000r\000k\000\040\000S\000t\000r\000u\000c\000t\000u\000r\000e\000\040\000a\000n\000d\000\040\000T\000r\000a\000i\000n\000i\000n\000g}{section.4}% 17
\BOOKMARK [2][-]{subsection.4.4}{\376\377\0004\000.\0004\000\040\000T\000e\000s\000t\000\040\000w\000i\000t\000h\000\040\000R\000e\000a\000l\000\040\000I\000m\000a\000g\000e\000s}{section.4}% 18
\BOOKMARK [1][-]{section.5}{\376\377\0005\000\040\000R\000e\000s\000u\000l\000t\000s\000\040\000a\000n\000d\000\040\000F\000u\000t\000u\000r\000e\000\040\000W\000o\000r\000k}{}% 19
\BOOKMARK [1][-]{section*.14}{\376\377\000A\000c\000k\000n\000o\000w\000l\000e\000d\000g\000m\000e\000n\000t\000s}{}% 20
\BOOKMARK [1][-]{section*.16}{\376\377\000R\000e\000f\000e\000r\000e\000n\000c\000e\000s}{}% 21
